<?xml version="1.0" encoding="UTF-8"?>
<testsuite xmlns:xsi="http://www.w3.org/2001/XMLSchema-instance" xsi:noNamespaceSchemaLocation="https://maven.apache.org/surefire/maven-surefire-plugin/xsd/surefire-test-report-3.0.xsd" version="3.0" name="com.mediplus.pruebas.casos.PruebasReportesTest" time="6.796" tests="12" errors="0" skipped="0" failures="0">
  <properties>
[...]
</properties>
  <testcase name="deberiaFallarControladamenteAlBuscarReporteInexistente" classname="com.mediplus.pruebas.casos.PruebasReportesTest" time="0.516">
    <system-out><![CDATA[🔍 EJECUTANDO: Buscar reporte inexistente (PRUEBA NEGATIVA)
🚫 ID INEXISTENTE: 99999
Request method:	GET
Request URI:	https://dummyjson.com/products/99999
✅ VALIDACIÓN: Status 404 y tiempo < 10000ms - ERROR ESPERADO
✅ Error controlado manejado correctamente para reporte inexistente ID: 99999
📊 RESULTADO: Exitoso - Error manejado correctamente

]]></system-out>
  </testcase>
  <testcase name="deberiaValidarFlujoIntegralConHTTPReal" classname="com.mediplus.pruebas.casos.PruebasReportesTest" time="1.378">
    <system-out><![CDATA[🔍 EJECUTANDO: Flujo integral con HTTP real
Request method:	GET
Request URI:	https://dummyjson.com/products/1
✅ Paciente encontrado: Essence Mascara Lash Princess (ID: 1)
Request method:	GET
Request URI:	https://dummyjson.com/products/search?q=appointment
✅ Citas encontradas: 0
Request method:	GET
Request URI:	https://dummyjson.com/products/categories
✅ Tipos de reporte disponibles: 24
✅ Flujo integral HTTP completado exitosamente
📊 RESULTADO: Exitoso - Todas las operaciones HTTP funcionaron correctamente
🔄 Flujo validado: Paciente → Citas → Tipos de Reporte

]]></system-out>
  </testcase>
  <testcase name="deberiaBuscarCitasPorEspecialidadMedica" classname="com.mediplus.pruebas.casos.PruebasReportesTest" time="0.52">
    <system-out><![CDATA[🔍 EJECUTANDO: Buscar citas por especialidad médica
🏥 ESPECIALIDAD: cardiology
Request method:	GET
Request URI:	https://dummyjson.com/posts/search?q=cardiology
✅ VALIDACIÓN: Status 200 y tiempo < 10000ms - CORRECTO
✅ Búsqueda de citas completada para especialidad: cardiology
📊 RESULTADO: Exitoso - Búsqueda por especialidad realizada

]]></system-out>
  </testcase>
  <testcase name="deberiaBuscarReportesPorPalabrasClave" classname="com.mediplus.pruebas.casos.PruebasReportesTest" time="0.591">
    <system-out><![CDATA[🔍 EJECUTANDO: Buscar reportes por palabra clave
🔎 TÉRMINO: health
Request method:	GET
Request URI:	https://dummyjson.com/products/search?q=health
✅ VALIDACIÓN: Status 200 y tiempo < 10000ms - CORRECTO
   → Se encontraron 1 resultados
✅ Búsqueda de reportes completada para término: health
📊 RESULTADO: Exitoso - Búsqueda realizada

]]></system-out>
  </testcase>
  <testcase name="deberiaObtenerHistorialCitasPaciente" classname="com.mediplus.pruebas.casos.PruebasReportesTest" time="0.621">
    <system-out><![CDATA[🔍 EJECUTANDO: Obtener historial de citas de paciente
👤 PACIENTE ID: 1
Request method:	GET
Request URI:	https://dummyjson.com/posts/user/1
✅ VALIDACIÓN: Status 200 y tiempo < 10000ms - CORRECTO
   → Se encontraron 1 citas para el paciente
✅ Historial de citas obtenido para paciente ID: 1
📊 RESULTADO: Exitoso - Historial obtenido

]]></system-out>
  </testcase>
  <testcase name="deberiaManejarCorrectamentePacienteInexistente" classname="com.mediplus.pruebas.casos.PruebasReportesTest" time="0.525">
    <system-out><![CDATA[🔍 EJECUTANDO: Obtener citas de paciente inexistente (PRUEBA NEGATIVA)
🚫 ID PACIENTE INEXISTENTE: 99999
Request method:	GET
Request URI:	https://dummyjson.com/posts/user/99999
✅ VALIDACIÓN: Status 404 y tiempo < 10000ms - CORRECTO
✅ Manejo correcto implementado para paciente inexistente ID: 99999
📊 RESULTADO: Exitoso - Paciente inexistente manejado

]]></system-out>
  </testcase>
  <testcase name="deberiaObtenerTodosLosReportesDisponibles" classname="com.mediplus.pruebas.casos.PruebasReportesTest" time="0.355">
    <system-out><![CDATA[🔍 EJECUTANDO: Obtener todos los reportes disponibles
📡 ENDPOINT: GET /products
Request method:	GET
Request URI:	https://dummyjson.com/products
✅ VALIDACIÓN: Status 200 y tiempo < 10000ms - CORRECTO
✅ Total de reportes disponibles obtenidos: 30
📊 RESULTADO: Exitoso - Lista de reportes obtenida

]]></system-out>
  </testcase>
  <testcase name="deberiaGenerarReporteEstadisticoMensual" classname="com.mediplus.pruebas.casos.PruebasReportesTest" time="0.62">
    <system-out><![CDATA[🔍 EJECUTANDO: Generar reporte estadístico mensual
📅 PERÍODO: 08/2025
Request method:	POST
Request URI:	https://dummyjson.com/products/add
✅ VALIDACIÓN: Status 201 y tiempo < 10000ms - CORRECTO
✅ Reporte estadístico mensual generado para período: 08/2025
📊 RESULTADO: Exitoso - Reporte estadístico creado

]]></system-out>
  </testcase>
  <testcase name="deberiaGenerarReporteLaboratorioConDatosValidos" classname="com.mediplus.pruebas.casos.PruebasReportesTest" time="0.531">
    <system-out><![CDATA[🔍 EJECUTANDO: Generar reporte de laboratorio
📋 DATOS: Paciente=Juan Carlos González, Examen=Hemograma Completo
Request method:	POST
Request URI:	https://dummyjson.com/products/add
✅ VALIDACIÓN: Status 201 y tiempo < 10000ms - CORRECTO
✅ Reporte de laboratorio generado exitosamente con ID: 195
📊 RESULTADO: Exitoso - Reporte creado

]]></system-out>
  </testcase>
  <testcase name="deberiaCrearCitaConEspecialidadEspecifica" classname="com.mediplus.pruebas.casos.PruebasReportesTest" time="0.628">
    <system-out><![CDATA[🔍 EJECUTANDO: Crear nueva cita con especialidad específica
📋 DATOS DE LA CITA:
   🏥 Motivo: Consulta Cardiología Preventiva
   📋 Descripción: Control preventivo cardiovascular anual
   👤 Paciente ID: 15
   🩺 Especialidad: cardiologia
Request method:	POST
Request URI:	https://dummyjson.com/posts/add
✅ VALIDACIÓN: Status 201 y tiempo < 10000ms - CORRECTO
✅ Cita de cardiologia creada exitosamente para paciente 15
📊 RESULTADO: Exitoso - Cita especializada creada

]]></system-out>
  </testcase>
  <testcase name="deberiaValidarFuncionalidadesModeloReporte" classname="com.mediplus.pruebas.casos.PruebasReportesTest" time="0.0">
    <system-out><![CDATA[🔍 EJECUTANDO: Validación del modelo Reporte
📋 OBJETIVO: Verificar funcionalidades y métodos helper
📋 DATOS DEL REPORTE:
   📋 Título: Reporte Cardiología
   👨‍⚕️ Médico: Dr. Juan Pérez
   📊 Estado: revisado
✅ Modelo Reporte validado exitosamente con métodos helper
📊 RESULTADO: Exitoso - Modelo validado

]]></system-out>
  </testcase>
  <testcase name="deberiaObtenerCatalogoCategoriasReportes" classname="com.mediplus.pruebas.casos.PruebasReportesTest" time="0.501">
    <system-out><![CDATA[🔍 EJECUTANDO: Obtener catálogo de categorías
📡 ENDPOINT: GET /products/categories
Request method:	GET
Request URI:	https://dummyjson.com/products/categories
✅ VALIDACIÓN: Status 200 y tiempo < 10000ms - CORRECTO
✅ Catálogo de categorías de reportes obtenido exitosamente
📊 RESULTADO: Exitoso - Categorías obtenidas

]]></system-out>
  </testcase>
</testsuite>